app/build/intermediates/manifest_merge_blame_file/release/manifest-merger-blame-release-report.txt
1<?xml version="1.0" encoding="utf-8"?>
2<manifest xmlns:android="http://schemas.android.com/apk/res/android"
3    package="com.example.apptempleate"
4    android:versionCode="5"
5    android:versionName="1.0.4-background" >
6
7    <uses-sdk
8        android:minSdkVersion="28"
8-->src\main\AndroidManifest.xml
9        android:targetSdkVersion="33" />
9-->src\main\AndroidManifest.xml
10
11    <uses-permission android:name="android.permission.RECORD_AUDIO" />
11-->src\main\AndroidManifest.xml:5:5-71
11-->src\main\AndroidManifest.xml:5:22-68
12    <uses-permission android:name="android.permission.INTERNET" />
12-->src\main\AndroidManifest.xml:6:5-67
12-->src\main\AndroidManifest.xml:6:22-64
13    <uses-permission android:name="android.permission.ACCESS_NETWORK_STATE" />
13-->src\main\AndroidManifest.xml:7:5-79
13-->src\main\AndroidManifest.xml:7:22-76
14    <uses-permission android:name="android.permission.SCHEDULE_EXACT_ALARM" />
14-->src\main\AndroidManifest.xml:8:5-79
14-->src\main\AndroidManifest.xml:8:22-76
15    <uses-permission android:name="android.permission.USE_EXACT_ALARM" />
15-->src\main\AndroidManifest.xml:9:5-74
15-->src\main\AndroidManifest.xml:9:22-71
16    <uses-permission android:name="android.permission.POST_NOTIFICATIONS" />
16-->src\main\AndroidManifest.xml:10:5-77
16-->src\main\AndroidManifest.xml:10:22-74
17    <uses-permission android:name="android.permission.VIBRATE" />
17-->src\main\AndroidManifest.xml:11:5-66
17-->src\main\AndroidManifest.xml:11:22-63
18    <uses-permission android:name="android.permission.USE_FULL_SCREEN_INTENT" />
18-->src\main\AndroidManifest.xml:12:5-81
18-->src\main\AndroidManifest.xml:12:22-78
19    <uses-permission android:name="android.permission.FOREGROUND_SERVICE" />
19-->src\main\AndroidManifest.xml:13:5-77
19-->src\main\AndroidManifest.xml:13:22-74
20    <uses-permission android:name="android.permission.FOREGROUND_SERVICE_MICROPHONE" />
20-->src\main\AndroidManifest.xml:14:5-88
20-->src\main\AndroidManifest.xml:14:22-85
21    <uses-permission android:name="android.permission.FOREGROUND_SERVICE_DATA_SYNC" />
21-->src\main\AndroidManifest.xml:15:5-87
21-->src\main\AndroidManifest.xml:15:22-84
22    <uses-permission android:name="android.permission.FOREGROUND_SERVICE_SPECIAL_USE" />
22-->src\main\AndroidManifest.xml:16:5-89
22-->src\main\AndroidManifest.xml:16:22-86
23    <uses-permission android:name="android.permission.WAKE_LOCK" />
23-->src\main\AndroidManifest.xml:17:5-68
23-->src\main\AndroidManifest.xml:17:22-65
24    <uses-permission android:name="android.permission.REQUEST_IGNORE_BATTERY_OPTIMIZATIONS" />
24-->src\main\AndroidManifest.xml:18:5-95
24-->src\main\AndroidManifest.xml:18:22-92
25    <uses-permission android:name="android.permission.USE_BIOMETRIC" /> <!-- suppress DeprecatedClassUsageInspection -->
25-->[androidx.biometric:biometric:1.1.0] AndroidManifest.xml:24:5-72
25-->[androidx.biometric:biometric:1.1.0] AndroidManifest.xml:24:22-69
26    <uses-permission android:name="android.permission.USE_FINGERPRINT" />
26-->[androidx.biometric:biometric:1.1.0] AndroidManifest.xml:27:5-74
26-->[androidx.biometric:biometric:1.1.0] AndroidManifest.xml:27:22-71
27
28    <application
28-->src\main\AndroidManifest.xml:20:5-151:19
29        android:name="com.example.apptempleate.MemossistApp"
29-->src\main\AndroidManifest.xml:21:9-37
30        android:allowBackup="true"
30-->src\main\AndroidManifest.xml:22:9-35
31        android:appComponentFactory="androidx.core.app.CoreComponentFactory"
31-->[androidx.core:core:1.8.0] AndroidManifest.xml:24:18-86
32        android:extractNativeLibs="false"
33        android:icon="@mipmap/ic_launcher"
33-->src\main\AndroidManifest.xml:26:9-43
34        android:label="Memossist"
34-->src\main\AndroidManifest.xml:25:9-34
35        android:largeHeap="true"
35-->src\main\AndroidManifest.xml:23:9-33
36        android:requestLegacyExternalStorage="true"
36-->src\main\AndroidManifest.xml:24:9-52
37        android:roundIcon="@mipmap/ic_launcher_round"
37-->src\main\AndroidManifest.xml:27:9-54
38        android:supportsRtl="true"
38-->src\main\AndroidManifest.xml:28:9-35
39        android:theme="@style/Theme.AppTempeLate" >
39-->src\main\AndroidManifest.xml:29:9-50
40        <activity
40-->src\main\AndroidManifest.xml:31:9-35:57
41            android:name="com.example.apptempleate.MainActivity"
41-->src\main\AndroidManifest.xml:32:13-41
42            android:exported="true"
42-->src\main\AndroidManifest.xml:33:13-36
43            android:theme="@style/Theme.AppTempeLate"
43-->src\main\AndroidManifest.xml:35:13-54
44            android:windowSoftInputMode="adjustResize" />
44-->src\main\AndroidManifest.xml:34:13-55
45
46        <activity-alias
46-->src\main\AndroidManifest.xml:51:9-63:26
47            android:name="com.example.apptempleate.MainActivityDark"
47-->src\main\AndroidManifest.xml:52:13-45
48            android:enabled="false"
48-->src\main\AndroidManifest.xml:55:13-36
49            android:exported="true"
49-->src\main\AndroidManifest.xml:54:13-36
50            android:icon="@mipmap/ic_launcher_dark"
50-->src\main\AndroidManifest.xml:56:13-52
51            android:label="Memossist"
51-->src\main\AndroidManifest.xml:58:13-38
52            android:roundIcon="@mipmap/ic_launcher_round_dark"
52-->src\main\AndroidManifest.xml:57:13-63
53            android:targetActivity="com.example.apptempleate.MainActivity" >
53-->src\main\AndroidManifest.xml:53:13-51
54            <intent-filter>
54-->src\main\AndroidManifest.xml:45:13-48:29
55                <action android:name="android.intent.action.MAIN" />
55-->src\main\AndroidManifest.xml:46:17-69
55-->src\main\AndroidManifest.xml:46:25-66
56
57                <category android:name="android.intent.category.LAUNCHER" />
57-->src\main\AndroidManifest.xml:47:17-77
57-->src\main\AndroidManifest.xml:47:27-74
58            </intent-filter>
59        </activity-alias>
60        <activity-alias
60-->src\main\AndroidManifest.xml:37:9-49:26
61            android:name="com.example.apptempleate.MainActivityLight"
61-->src\main\AndroidManifest.xml:38:13-46
62            android:enabled="true"
62-->src\main\AndroidManifest.xml:41:13-35
63            android:exported="true"
63-->src\main\AndroidManifest.xml:40:13-36
64            android:icon="@mipmap/ic_launcher_light"
64-->src\main\AndroidManifest.xml:42:13-53
65            android:label="Memossist"
65-->src\main\AndroidManifest.xml:44:13-38
66            android:roundIcon="@mipmap/ic_launcher_round_light"
66-->src\main\AndroidManifest.xml:43:13-64
67            android:targetActivity="com.example.apptempleate.MainActivity" >
67-->src\main\AndroidManifest.xml:39:13-51
68            <intent-filter>
68-->src\main\AndroidManifest.xml:45:13-48:29
69                <action android:name="android.intent.action.MAIN" />
69-->src\main\AndroidManifest.xml:46:17-69
69-->src\main\AndroidManifest.xml:46:25-66
70
71                <category android:name="android.intent.category.LAUNCHER" />
71-->src\main\AndroidManifest.xml:47:17-77
71-->src\main\AndroidManifest.xml:47:27-74
72            </intent-filter>
73        </activity-alias>
74
75        <activity
75-->src\main\AndroidManifest.xml:65:9-68:57
76            android:name="com.example.apptempleate.VoiceConversationActivity"
76-->src\main\AndroidManifest.xml:66:13-54
77            android:exported="false"
77-->src\main\AndroidManifest.xml:67:13-37
78            android:theme="@style/Theme.AppTempeLate" />
78-->src\main\AndroidManifest.xml:68:13-54
79        <activity
79-->src\main\AndroidManifest.xml:70:9-73:57
80            android:name="com.example.apptempleate.OnboardingActivity"
80-->src\main\AndroidManifest.xml:71:13-47
81            android:exported="false"
81-->src\main\AndroidManifest.xml:72:13-37
82            android:theme="@style/Theme.AppTempeLate" />
82-->src\main\AndroidManifest.xml:73:13-54
83        <activity
83-->src\main\AndroidManifest.xml:75:9-78:57
84            android:name="com.example.apptempleate.RemindersActivity"
84-->src\main\AndroidManifest.xml:76:13-46
85            android:exported="false"
85-->src\main\AndroidManifest.xml:77:13-37
86            android:theme="@style/Theme.AppTempeLate" />
86-->src\main\AndroidManifest.xml:78:13-54
87        <activity
87-->src\main\AndroidManifest.xml:80:9-85:57
88            android:name="com.example.apptempleate.AlarmAlertActivity"
88-->src\main\AndroidManifest.xml:81:13-47
89            android:exported="false"
89-->src\main\AndroidManifest.xml:82:13-37
90            android:showWhenLocked="true"
90-->src\main\AndroidManifest.xml:83:13-42
91            android:theme="@style/Theme.AppTempeLate"
91-->src\main\AndroidManifest.xml:85:13-54
92            android:turnScreenOn="true" />
92-->src\main\AndroidManifest.xml:84:13-40
93        <activity
93-->src\main\AndroidManifest.xml:87:9-90:57
94            android:name="com.example.apptempleate.MemoryVaultActivity"
94-->src\main\AndroidManifest.xml:88:13-48
95            android:exported="false"
95-->src\main\AndroidManifest.xml:89:13-37
96            android:theme="@style/Theme.AppTempeLate" />
96-->src\main\AndroidManifest.xml:90:13-54
97        <activity
97-->src\main\AndroidManifest.xml:92:9-95:57
98            android:name="com.example.apptempleate.CognitiveInsightsActivity"
98-->src\main\AndroidManifest.xml:93:13-54
99            android:exported="false"
99-->src\main\AndroidManifest.xml:94:13-37
100            android:theme="@style/Theme.AppTempeLate" />
100-->src\main\AndroidManifest.xml:95:13-54
101        <activity
101-->src\main\AndroidManifest.xml:97:9-100:57
102            android:name="com.example.apptempleate.ConnectionsActivity"
102-->src\main\AndroidManifest.xml:98:13-48
103            android:exported="false"
103-->src\main\AndroidManifest.xml:99:13-37
104            android:theme="@style/Theme.AppTempeLate" />
104-->src\main\AndroidManifest.xml:100:13-54
105        <activity
105-->src\main\AndroidManifest.xml:102:9-105:57
106            android:name="com.example.apptempleate.SettingsActivity"
106-->src\main\AndroidManifest.xml:103:13-45
107            android:exported="false"
107-->src\main\AndroidManifest.xml:104:13-37
108            android:theme="@style/Theme.AppTempeLate" />
108-->src\main\AndroidManifest.xml:105:13-54
109        <activity
109-->src\main\AndroidManifest.xml:107:9-110:57
110            android:name="com.example.apptempleate.ModelMarketplaceActivity"
110-->src\main\AndroidManifest.xml:108:13-53
111            android:exported="false"
111-->src\main\AndroidManifest.xml:109:13-37
112            android:theme="@style/Theme.AppTempeLate" />
112-->src\main\AndroidManifest.xml:110:13-54
113        <activity
113-->src\main\AndroidManifest.xml:112:9-115:57
114            android:name="com.example.apptempleate.DeviceHelpActivity"
114-->src\main\AndroidManifest.xml:113:13-47
115            android:exported="false"
115-->src\main\AndroidManifest.xml:114:13-37
116            android:theme="@style/Theme.AppTempeLate" />
116-->src\main\AndroidManifest.xml:115:13-54
117
118        <receiver
118-->src\main\AndroidManifest.xml:117:9-119:40
119            android:name="com.example.apptempleate.ReminderReceiver"
119-->src\main\AndroidManifest.xml:118:13-45
120            android:exported="false" />
120-->src\main\AndroidManifest.xml:119:13-37
121
122        <service
122-->src\main\AndroidManifest.xml:121:9-125:58
123            android:name="com.example.apptempleate.VoiceForegroundService"
123-->src\main\AndroidManifest.xml:122:13-51
124            android:enabled="true"
124-->src\main\AndroidManifest.xml:123:13-35
125            android:exported="false"
125-->src\main\AndroidManifest.xml:124:13-37
126            android:foregroundServiceType="microphone" />
126-->src\main\AndroidManifest.xml:125:13-55
127        <service
127-->src\main\AndroidManifest.xml:127:9-133:56
128            android:name="com.example.apptempleate.ChatAiForegroundService"
128-->src\main\AndroidManifest.xml:128:13-52
129            android:enabled="true"
129-->src\main\AndroidManifest.xml:129:13-35
130            android:exported="false"
130-->src\main\AndroidManifest.xml:130:13-37
131            android:foregroundServiceType="dataSync"
131-->src\main\AndroidManifest.xml:133:13-53
132            android:process=":chat_inference"
132-->src\main\AndroidManifest.xml:131:13-46
133            android:stopWithTask="false" />
133-->src\main\AndroidManifest.xml:132:13-41
134        <service
134-->src\main\AndroidManifest.xml:135:9-139:56
135            android:name="com.example.apptempleate.ModelDownloadForegroundService"
135-->src\main\AndroidManifest.xml:136:13-59
136            android:enabled="true"
136-->src\main\AndroidManifest.xml:137:13-35
137            android:exported="false"
137-->src\main\AndroidManifest.xml:138:13-37
138            android:foregroundServiceType="dataSync" />
138-->src\main\AndroidManifest.xml:139:13-53
139
140        <provider
140-->src\main\AndroidManifest.xml:141:9-149:20
141            android:name="androidx.core.content.FileProvider"
141-->src\main\AndroidManifest.xml:142:13-62
142            android:authorities="com.example.apptempleate.fileprovider"
142-->src\main\AndroidManifest.xml:143:13-72
143            android:exported="false"
143-->src\main\AndroidManifest.xml:144:13-37
144            android:grantUriPermissions="true" >
144-->src\main\AndroidManifest.xml:145:13-47
145            <meta-data
145-->src\main\AndroidManifest.xml:146:13-148:54
146                android:name="android.support.FILE_PROVIDER_PATHS"
146-->src\main\AndroidManifest.xml:147:17-67
147                android:resource="@xml/file_paths" />
147-->src\main\AndroidManifest.xml:148:17-51
148        </provider>
149        <provider
149-->[androidx.emoji2:emoji2:1.2.0] AndroidManifest.xml:24:9-32:20
150            android:name="androidx.startup.InitializationProvider"
150-->[androidx.emoji2:emoji2:1.2.0] AndroidManifest.xml:25:13-67
151            android:authorities="com.example.apptempleate.androidx-startup"
151-->[androidx.emoji2:emoji2:1.2.0] AndroidManifest.xml:26:13-68
152            android:exported="false" >
152-->[androidx.emoji2:emoji2:1.2.0] AndroidManifest.xml:27:13-37
153            <meta-data
153-->[androidx.emoji2:emoji2:1.2.0] AndroidManifest.xml:29:13-31:52
154                android:name="androidx.emoji2.text.EmojiCompatInitializer"
154-->[androidx.emoji2:emoji2:1.2.0] AndroidManifest.xml:30:17-75
155                android:value="androidx.startup" />
155-->[androidx.emoji2:emoji2:1.2.0] AndroidManifest.xml:31:17-49
156            <meta-data
156-->[androidx.lifecycle:lifecycle-process:2.4.1] AndroidManifest.xml:31:13-33:52
157                android:name="androidx.lifecycle.ProcessLifecycleInitializer"
157-->[androidx.lifecycle:lifecycle-process:2.4.1] AndroidManifest.xml:32:17-78
158                android:value="androidx.startup" />
158-->[androidx.lifecycle:lifecycle-process:2.4.1] AndroidManifest.xml:33:17-49
159        </provider>
160    </application>
161
162</manifest>